Build started 6/21/2017 2:56:59 PM.
     1>Project "D:\Users\monst\Desktop\SHMatrix\SHMatrix\SHMatrix.vcxproj" on node 2 (Build target(s)).
     1>InitializeBuildStatus:
         Touching "Debug\SHMatrix.tlog\unsuccessfulbuild".
       ClCompile:
         All outputs are up-to-date.
       Link:
         C:\Program Files (x86)\Microsoft Visual Studio 14.0\VC\bin\link.exe /ERRORREPORT:PROMPT /OUT:"D:\Users\monst\Desktop\SHMatrix\Debug\SHMatrix.dll" /INCREMENTAL /NOLOGO /LIBPATH:"C:\Program Files\NVIDIA GPU Computing Toolkit\CUDA\v8.0\lib\Win32" kernel32.lib user32.lib gdi32.lib winspool.lib comdlg32.lib advapi32.lib shell32.lib ole32.lib oleaut32.lib uuid.lib odbc32.lib odbccp32.lib /MANIFEST /MANIFESTUAC:"level='asInvoker' uiAccess='false'" /manifest:embed /DEBUG /PDB:"D:\Users\monst\Desktop\SHMatrix\Debug\SHMatrix.pdb" /SUBSYSTEM:WINDOWS /TLBID:1 /DYNAMICBASE /NXCOMPAT /IMPLIB:"D:\Users\monst\Desktop\SHMatrix\Debug\SHMatrix.lib" /MACHINE:X86 /DLL Debug\SHMatrix.obj
     1>SHMatrix.obj : error LNK2019: unresolved external symbol _cudaGetLastError@0 referenced in function "void __cdecl __cudaCheckError(char const *,int)" (?__cudaCheckError@@YAXPBDH@Z)
     1>SHMatrix.obj : error LNK2019: unresolved external symbol _cudaGetErrorString@4 referenced in function "void __cdecl __cudaCheckError(char const *,int)" (?__cudaCheckError@@YAXPBDH@Z)
     1>SHMatrix.obj : error LNK2019: unresolved external symbol _cudaMalloc@8 referenced in function "public: static float * __cdecl SHMatrix::DataPointerAtLoc(class SHMatrix &,enum mem_location)" (?DataPointerAtLoc@SHMatrix@@SAPAMAAV1@W4mem_location@@@Z)
     1>SHMatrix.obj : error LNK2019: unresolved external symbol _cudaFree@4 referenced in function "public: void __thiscall SHMatrix::Move2CPU(void)" (?Move2CPU@SHMatrix@@QAEXXZ)
     1>SHMatrix.obj : error LNK2019: unresolved external symbol _cudaMemcpy@16 referenced in function "public: static float * __cdecl SHMatrix::DataPointerAtLoc(class SHMatrix &,enum mem_location)" (?DataPointerAtLoc@SHMatrix@@SAPAMAAV1@W4mem_location@@@Z)
     1>SHMatrix.obj : error LNK2019: unresolved external symbol _cublasSscal_v2@20 referenced in function "private: void __thiscall SHMatrix::scale_worker_gpu(float)" (?scale_worker_gpu@SHMatrix@@AAEXM@Z)
     1>SHMatrix.obj : error LNK2019: unresolved external symbol _cublasSgemm_v2@56 referenced in function "private: static void __cdecl SHMatrix::gpu2any_dotproduct(struct cublasContext *,class SHMatrix &,class SHMatrix &,class SHMatrix &)" (?gpu2any_dotproduct@SHMatrix@@CAXPAUcublasContext@@AAV1@11@Z)
     1>SHMatrix.obj : error LNK2019: unresolved external symbol _cublasSgeam@52 referenced in function "private: void __thiscall SHMatrix::transpose_worker_gpu(float)" (?transpose_worker_gpu@SHMatrix@@AAEXM@Z)
     1>SHMatrix.obj : error LNK2019: unresolved external symbol _curandCreateGenerator@8 referenced in function "private: void __thiscall SHMatrix::gaussian_init_gpu(float,float)" (?gaussian_init_gpu@SHMatrix@@AAEXMM@Z)
     1>SHMatrix.obj : error LNK2019: unresolved external symbol _curandDestroyGenerator@4 referenced in function "private: void __thiscall SHMatrix::gaussian_init_gpu(float,float)" (?gaussian_init_gpu@SHMatrix@@AAEXMM@Z)
     1>SHMatrix.obj : error LNK2019: unresolved external symbol _curandGenerateUniform@12 referenced in function "private: void __thiscall SHMatrix::uniform_init_gpu(float,float)" (?uniform_init_gpu@SHMatrix@@AAEXMM@Z)
     1>SHMatrix.obj : error LNK2019: unresolved external symbol _curandGenerateNormal@20 referenced in function "private: void __thiscall SHMatrix::gaussian_init_gpu(float,float)" (?gaussian_init_gpu@SHMatrix@@AAEXMM@Z)
     1>SHMatrix.obj : error LNK2019: unresolved external symbol "void __cdecl FloatCUDAMemset(float *,int,float)" (?FloatCUDAMemset@@YAXPAMHM@Z) referenced in function "private: void __thiscall SHMatrix::init_with_default_value(float *,enum mem_location,float)" (?init_with_default_value@SHMatrix@@AAEXPAMW4mem_location@@M@Z)
     1>SHMatrix.obj : error LNK2019: unresolved external symbol "void __cdecl ScaleUniformSHMatrix(float *,int,float,float)" (?ScaleUniformSHMatrix@@YAXPAMHMM@Z) referenced in function "private: void __thiscall SHMatrix::uniform_init_gpu(float,float)" (?uniform_init_gpu@SHMatrix@@AAEXMM@Z)
     1>SHMatrix.obj : error LNK2019: unresolved external symbol "void __cdecl ElemwiseMultiplyInPlaceGPU(float *,float *,int,int,int,bool,bool)" (?ElemwiseMultiplyInPlaceGPU@@YAXPAM0HHH_N1@Z) referenced in function "private: void __thiscall SHMatrix::gpu2any_elemwise_op_worker(class SHMatrix &,enum ELEM_OP)" (?gpu2any_elemwise_op_worker@SHMatrix@@AAEXAAV1@W4ELEM_OP@@@Z)
     1>SHMatrix.obj : error LNK2019: unresolved external symbol "void __cdecl ElemwiseDivideInPlaceGPU(float *,float *,int,int,int,bool,bool)" (?ElemwiseDivideInPlaceGPU@@YAXPAM0HHH_N1@Z) referenced in function "private: void __thiscall SHMatrix::gpu2any_elemwise_op_worker(class SHMatrix &,enum ELEM_OP)" (?gpu2any_elemwise_op_worker@SHMatrix@@AAEXAAV1@W4ELEM_OP@@@Z)
     1>SHMatrix.obj : error LNK2019: unresolved external symbol "void __cdecl ElemwiseAddInPlaceGPU(float *,float *,int,int,int,bool,bool)" (?ElemwiseAddInPlaceGPU@@YAXPAM0HHH_N1@Z) referenced in function "private: void __thiscall SHMatrix::gpu2any_elemwise_op_worker(class SHMatrix &,enum ELEM_OP)" (?gpu2any_elemwise_op_worker@SHMatrix@@AAEXAAV1@W4ELEM_OP@@@Z)
     1>SHMatrix.obj : error LNK2019: unresolved external symbol "void __cdecl ElemwiseSubtractInPlaceGPU(float *,float *,int,int,int,bool,bool)" (?ElemwiseSubtractInPlaceGPU@@YAXPAM0HHH_N1@Z) referenced in function "private: void __thiscall SHMatrix::gpu2any_elemwise_op_worker(class SHMatrix &,enum ELEM_OP)" (?gpu2any_elemwise_op_worker@SHMatrix@@AAEXAAV1@W4ELEM_OP@@@Z)
     1>SHMatrix.obj : error LNK2019: unresolved external symbol "void __cdecl ElemwiseAddInPlaceGPU_Scalar(float *,float,int)" (?ElemwiseAddInPlaceGPU_Scalar@@YAXPAMMH@Z) referenced in function "private: void __thiscall SHMatrix::gpu2any_elemwise_add(float)" (?gpu2any_elemwise_add@SHMatrix@@AAEXM@Z)
     1>SHMatrix.obj : error LNK2019: unresolved external symbol "void __cdecl ElemwiseSubtractInPlaceGPU_Scalar(float *,float,int)" (?ElemwiseSubtractInPlaceGPU_Scalar@@YAXPAMMH@Z) referenced in function "private: void __thiscall SHMatrix::gpu2any_elemwise_subtract(float)" (?gpu2any_elemwise_subtract@SHMatrix@@AAEXM@Z)
     1>SHMatrix.obj : error LNK2019: unresolved external symbol "void __cdecl ElemwiseMultiplyInPlaceCPU(float *,float *,int,int,int,bool,bool)" (?ElemwiseMultiplyInPlaceCPU@@YAXPAM0HHH_N1@Z) referenced in function "private: void __thiscall SHMatrix::cpu2any_elemwise_op_worker(class SHMatrix &,enum ELEM_OP)" (?cpu2any_elemwise_op_worker@SHMatrix@@AAEXAAV1@W4ELEM_OP@@@Z)
     1>SHMatrix.obj : error LNK2019: unresolved external symbol "void __cdecl ElemwiseDivideInPlaceCPU(float *,float *,int,int,int,bool,bool)" (?ElemwiseDivideInPlaceCPU@@YAXPAM0HHH_N1@Z) referenced in function "private: void __thiscall SHMatrix::cpu2any_elemwise_op_worker(class SHMatrix &,enum ELEM_OP)" (?cpu2any_elemwise_op_worker@SHMatrix@@AAEXAAV1@W4ELEM_OP@@@Z)
     1>SHMatrix.obj : error LNK2019: unresolved external symbol "void __cdecl ElemwiseAddInPlaceCPU(float *,float *,int,int,int,bool,bool)" (?ElemwiseAddInPlaceCPU@@YAXPAM0HHH_N1@Z) referenced in function "private: void __thiscall SHMatrix::cpu2any_elemwise_op_worker(class SHMatrix &,enum ELEM_OP)" (?cpu2any_elemwise_op_worker@SHMatrix@@AAEXAAV1@W4ELEM_OP@@@Z)
     1>SHMatrix.obj : error LNK2019: unresolved external symbol "void __cdecl ElemwiseSubtractInPlaceCPU(float *,float *,int,int,int,bool,bool)" (?ElemwiseSubtractInPlaceCPU@@YAXPAM0HHH_N1@Z) referenced in function "private: void __thiscall SHMatrix::cpu2any_elemwise_op_worker(class SHMatrix &,enum ELEM_OP)" (?cpu2any_elemwise_op_worker@SHMatrix@@AAEXAAV1@W4ELEM_OP@@@Z)
     1>D:\Users\monst\Desktop\SHMatrix\Debug\SHMatrix.dll : fatal error LNK1120: 24 unresolved externals
     1>Done Building Project "D:\Users\monst\Desktop\SHMatrix\SHMatrix\SHMatrix.vcxproj" (Build target(s)) -- FAILED.

Build FAILED.

Time Elapsed 00:00:01.16
